<?xml version="1.0" encoding="UTF-8"?>
<!-- Generated by org.testng.reporters.JUnitReportReporter -->
<testsuite skipped="0" hostname="W-PF16JBER" name="testruns.WebpageLoadTimeTest" tests="1" failures="0" timestamp="2022-03-18T15:48:11 IST" time="17.124" errors="0">
  <testcase name="runPages" time="17.124" classname="testruns.WebpageLoadTimeTest"/>
  <system-out/>
</testsuite> <!-- testruns.WebpageLoadTimeTest -->
